[0701/142852.319804:INFO:CONSOLE(0)] "Uncaught (in promise) NetworkError: Cache.put() encountered a network error", source: https://web.whatsapp.com/serviceworker.js (0)
[0701/142852.326540:INFO:CONSOLE(0)] "Uncaught (in promise) NetworkError: Cache.put() encountered a network error", source: https://web.whatsapp.com/serviceworker.js (0)
[0701/142852.326747:INFO:CONSOLE(0)] "Uncaught (in promise) NetworkError: Cache.put() encountered a network error", source: https://web.whatsapp.com/serviceworker.js (0)
[0701/142852.326854:INFO:CONSOLE(0)] "Uncaught (in promise) NetworkError: Cache.put() encountered a network error", source: https://web.whatsapp.com/serviceworker.js (0)
[0701/142947.684619:WARNING:dns_config_service_posix.cc(195)] Failed to read DnsConfig.
[0701/142948.911982:INFO:CONSOLE(0)] "Uncaught (in promise) NetworkError: Cache.put() encountered a network error", source: https://web.whatsapp.com/serviceworker.js (0)
[0701/142951.417084:WARNING:dns_config_service_posix.cc(195)] Failed to read DnsConfig.
[0701/142952.186696:WARNING:dns_config_service_posix.cc(195)] Failed to read DnsConfig.
[0701/144530.304392:INFO:CONSOLE(0)] "The Content Security Policy directive 'upgrade-insecure-requests' is ignored when delivered in a report-only policy.", source: https://web.whatsapp.com/send?phone=60196009214 (0)
[0701/144530.315688:INFO:CONSOLE(1)] "[Report Only] Refused to apply inline style because it violates the following Content Security Policy directive: "default-src 'self' data: blob:". Either the 'unsafe-inline' keyword, a hash ('sha256-8StEYqCRZcc6KLATZgvty1WmbhiLWXhDGKW8XNZQ9So='), or a nonce ('nonce-...') is required to enable inline execution. Note also that 'style-src' was not explicitly set, so 'default-src' is used as a fallback.
", source: https://web.whatsapp.com/send?phone=60196009214 (1)
[0701/144530.489403:INFO:CONSOLE(1)] "[Report Only] Refused to execute inline script because it violates the following Content Security Policy directive: "default-src 'self' data: blob:". Either the 'unsafe-inline' keyword, a hash ('sha256-S3m23JGn7jM3OxFZkcPrKH7XEM+2cIQhtMq2gu3b/L0='), or a nonce ('nonce-...') is required to enable inline execution. Note also that 'script-src' was not explicitly set, so 'default-src' is used as a fallback.
", source: https://web.whatsapp.com/send?phone=60196009214 (1)
[0701/144530.523009:INFO:CONSOLE(1)] "[Report Only] Refused to execute inline script because it violates the following Content Security Policy directive: "default-src 'self' data: blob:". Either the 'unsafe-inline' keyword, a hash ('sha256-DGTmg9dCRaqHB3N9xMtiOA1ehao9ZMJYXqz1CCTAOB8='), or a nonce ('nonce-...') is required to enable inline execution. Note also that 'script-src' was not explicitly set, so 'default-src' is used as a fallback.
", source: https://web.whatsapp.com/send?phone=60196009214 (1)
[0701/144530.523937:INFO:CONSOLE(2)] "[Report Only] Refused to execute inline script because it violates the following Content Security Policy directive: "default-src 'self' data: blob:". Either the 'unsafe-inline' keyword, a hash ('sha256-nIzT0PTVr4x/XNHEUgjt0wi/5HLjU6UOTLrL9stYYnw='), or a nonce ('nonce-...') is required to enable inline execution. Note also that 'script-src' was not explicitly set, so 'default-src' is used as a fallback.
", source: https://web.whatsapp.com/send?phone=60196009214 (2)
[0701/144530.798896:INFO:CONSOLE(7)] "[Report Only] Refused to evaluate a string as JavaScript because 'unsafe-eval' is not an allowed source of script in the following Content Security Policy directive: "default-src 'self' data: blob:". Note that 'script-src' was not explicitly set, so 'default-src' is used as a fallback.
", source: https://web.whatsapp.com/vendor1~bootstrap_qr.010e0b1e6789f30ac249.js (7)
[0701/144531.937981:INFO:CONSOLE(71)] "[Report Only] Refused to apply inline style because it violates the following Content Security Policy directive: "default-src 'self' data: blob:". Either the 'unsafe-inline' keyword, a hash ('sha256-47DEQpj8HBSa+/TImW+5JCeuQeRkm5NMpJWZG3hSuFU='), or a nonce ('nonce-...') is required to enable inline execution. Note also that 'style-src' was not explicitly set, so 'default-src' is used as a fallback.
", source: https://web.whatsapp.com/bootstrap_qr.14fc3e5723bd9ebea58c.js (71)
[0701/144532.247639:INFO:CONSOLE(1)] "[Report Only] Refused to compile or instantiate WebAssembly module because 'unsafe-eval' is not an allowed source of script in the following Content Security Policy directive: "default-src 'self' data: blob:". Note that 'script-src' was not explicitly set, so 'default-src' is used as a fallback.
", source: https://web.whatsapp.com/libsignal-protocol-c387645.min.js (1)
[0701/144541.772372:INFO:CONSOLE(0)] "[Report Only] Refused to load the image 'https://pps.whatsapp.net/v/t61.24694-24/55964168_567982107044051_1231968552328626176_n.jpg?stp=dst-jpg_s96x96&ccb=11-4&oh=01_AVxJ_w9loYCWn8WRXE0SzakmoerfDRERNwzRDOKbsrblyQ&oe=62CD8EE3' because it violates the following Content Security Policy directive: "default-src 'self' data: blob:". Note that 'img-src' was not explicitly set, so 'default-src' is used as a fallback.
", source: https://web.whatsapp.com/ (0)
[0701/144541.776860:INFO:CONSOLE(0)] "[Report Only] Refused to load the image 'https://pps.whatsapp.net/v/t61.24694-24/119983398_988782934869151_7402470245970735572_n.jpg?stp=dst-jpg_s96x96&ccb=11-4&oh=01_AVy7SkMxKAoMsrdUq9ItpzRdGel0a9PBqv3cGWIZCr0LbA&oe=62CC6780' because it violates the following Content Security Policy directive: "default-src 'self' data: blob:". Note that 'img-src' was not explicitly set, so 'default-src' is used as a fallback.
", source: https://web.whatsapp.com/ (0)
[0701/144541.780421:INFO:CONSOLE(0)] "[Report Only] Refused to load the image 'https://pps.whatsapp.net/v/t61.24694-24/287169067_1202014327278861_4118558204433829907_n.jpg?stp=dst-jpg_s96x96&ccb=11-4&oh=01_AVwu7-ECI5QEOHtrcM46DhBrgB1pcLTxri-UVG-t1B7LKg&oe=62CE31A9' because it violates the following Content Security Policy directive: "default-src 'self' data: blob:". Note that 'img-src' was not explicitly set, so 'default-src' is used as a fallback.
", source: https://web.whatsapp.com/ (0)
[0701/144541.782839:INFO:CONSOLE(0)] "[Report Only] Refused to load the image 'https://pps.whatsapp.net/v/t61.24694-24/158925864_1011224016340246_4952202998392309451_n.jpg?stp=dst-jpg_s96x96&ccb=11-4&oh=01_AVyS9DHSEAI8V6KW9GOLl7bFGoKnzA5SSA-IjOKXKYaZPQ&oe=62CEED8B' because it violates the following Content Security Policy directive: "default-src 'self' data: blob:". Note that 'img-src' was not explicitly set, so 'default-src' is used as a fallback.
", source: https://web.whatsapp.com/ (0)
[0701/144541.784444:INFO:CONSOLE(0)] "[Report Only] Refused to load the image 'https://pps.whatsapp.net/v/t61.24694-24/104595203_344582180035666_6813994358485354264_n.jpg?stp=dst-jpg_s96x96&ccb=11-4&oh=0581ecfd8d2d242160e7ec95ee2ac4be&oe=62CDE7F1' because it violates the following Content Security Policy directive: "default-src 'self' data: blob:". Note that 'img-src' was not explicitly set, so 'default-src' is used as a fallback.
", source: https://web.whatsapp.com/ (0)
[0701/144541.785890:INFO:CONSOLE(0)] "[Report Only] Refused to load the image 'https://pps.whatsapp.net/v/t61.24694-24/168046922_1346186952460768_4260796167431766184_n.jpg?stp=dst-jpg_s96x96&ccb=11-4&oh=b551b53f723ce83e1ec16c22c9ff3cca&oe=62CD2242' because it violates the following Content Security Policy directive: "default-src 'self' data: blob:". Note that 'img-src' was not explicitly set, so 'default-src' is used as a fallback.
", source: https://web.whatsapp.com/ (0)
[0701/144541.788490:INFO:CONSOLE(0)] "[Report Only] Refused to load the image 'https://pps.whatsapp.net/v/t61.24694-24/56106035_379223559471840_1671011894716006400_n.jpg?stp=dst-jpg_s96x96&ccb=11-4&oh=01_AVydy0dPdlDKI4qV7b7J3_9C9mT_bdg_W69BBxDftWYIlg&oe=62CDC6C0' because it violates the following Content Security Policy directive: "default-src 'self' data: blob:". Note that 'img-src' was not explicitly set, so 'default-src' is used as a fallback.
", source: https://web.whatsapp.com/ (0)
[0701/144541.789207:INFO:CONSOLE(0)] "[Report Only] Refused to load the image 'https://pps.whatsapp.net/v/t61.24694-24/289327658_575965243941354_5272237887290499464_n.jpg?stp=dst-jpg_s96x96&ccb=11-4&oh=01_AVwrEwFbAOVa-dKYS5rIQB3ZvWpQ7K1RT30zokM47xlxtg&oe=62CC2528' because it violates the following Content Security Policy directive: "default-src 'self' data: blob:". Note that 'img-src' was not explicitly set, so 'default-src' is used as a fallback.
", source: https://web.whatsapp.com/ (0)
[0701/144541.799860:INFO:CONSOLE(0)] "[Report Only] Refused to load the image 'https://pps.whatsapp.net/v/t61.24694-24/70474876_507712076692897_2055074274120564736_n.jpg?stp=dst-jpg_s96x96&ccb=11-4&oh=7e988f3a4b7d2844327f990543751e04&oe=62CC436D' because it violates the following Content Security Policy directive: "default-src 'self' data: blob:". Note that 'img-src' was not explicitly set, so 'default-src' is used as a fallback.
", source: https://web.whatsapp.com/ (0)
[0701/144541.806421:INFO:CONSOLE(0)] "[Report Only] Refused to load the image 'https://pps.whatsapp.net/v/t61.24694-24/164058107_5986901738046564_997329582836930522_n.jpg?stp=dst-jpg_s96x96&ccb=11-4&oh=2aeb97d6b61660d4622c0308072284a7&oe=62CCC561' because it violates the following Content Security Policy directive: "default-src 'self' data: blob:". Note that 'img-src' was not explicitly set, so 'default-src' is used as a fallback.
", source: https://web.whatsapp.com/ (0)
[0701/144541.806678:INFO:CONSOLE(0)] "[Report Only] Refused to load the image 'https://pps.whatsapp.net/v/t61.24694-24/226279453_900205367321482_3019497768054046004_n.jpg?stp=dst-jpg_s96x96&ccb=11-4&oh=01_AVyZcvmCoIIyMBpqTLvGp16HIvxa58-mzvlIukglpsE_ew&oe=62CE3113' because it violates the following Content Security Policy directive: "default-src 'self' data: blob:". Note that 'img-src' was not explicitly set, so 'default-src' is used as a fallback.
", source: https://web.whatsapp.com/ (0)
[0701/144541.806816:INFO:CONSOLE(0)] "[Report Only] Refused to load the image 'https://pps.whatsapp.net/v/t61.24694-24/155209322_546603067087440_707735756001716211_n.jpg?stp=dst-jpg_s96x96&ccb=11-4&oh=01_AVwmY73PVW7yThw2Wk0jOfQuRIBG0D7N8Jy6O1M6srGyIA&oe=62CCE58E' because it violates the following Content Security Policy directive: "default-src 'self' data: blob:". Note that 'img-src' was not explicitly set, so 'default-src' is used as a fallback.
", source: https://web.whatsapp.com/ (0)
[0701/144541.808143:INFO:CONSOLE(0)] "[Report Only] Refused to load the image 'https://pps.whatsapp.net/v/t61.24694-24/86784067_579247892946768_307769651273335635_n.jpg?stp=dst-jpg_s96x96&ccb=11-4&oh=762c8f726d49d00d21e5274bc63771f8&oe=62CDBCB8' because it violates the following Content Security Policy directive: "default-src 'self' data: blob:". Note that 'img-src' was not explicitly set, so 'default-src' is used as a fallback.
", source: https://web.whatsapp.com/ (0)
[0701/144543.050249:INFO:CONSOLE(0)] "[Report Only] Refused to load the image 'https://pps.whatsapp.net/v/t61.24694-24/290906303_5252879034748387_1319391634332091604_n.jpg?stp=dst-jpg_s96x96&ccb=11-4&oh=01_AVymtVLcd4_jvcKmT7onORikw7d60crGUxQaxYLEVMt9_g&oe=62CDBD56' because it violates the following Content Security Policy directive: "default-src 'self' data: blob:". Note that 'img-src' was not explicitly set, so 'default-src' is used as a fallback.
", source: https://web.whatsapp.com/ (0)
[0701/144547.297036:INFO:CONSOLE(57)] "[Report Only] Refused to connect to 'https://media.fkul7-1.fna.whatsapp.net/mms/image/4kMjYbCIcDdru1knS4lFnEOlTAVSnY57m0IMJEPfGjw=?auth=AWSw8Vqq_GR_YRACRsi4qjSL1GeIKPuQWhVzHtwBt6DWMAIuqxrl4dGVy2M&token=4kMjYbCIcDdru1knS4lFnEOlTAVSnY57m0IMJEPfGjw%3D&resume=1' because it violates the following Content Security Policy directive: "default-src 'self' data: blob:". Note that 'connect-src' was not explicitly set, so 'default-src' is used as a fallback.
", source: https://web.whatsapp.com/bootstrap_qr.14fc3e5723bd9ebea58c.js (57)
[0701/144547.467714:INFO:CONSOLE(12)] "[Report Only] Refused to apply inline style because it violates the following Content Security Policy directive: "default-src 'self' data: blob:". Either the 'unsafe-inline' keyword, a hash ('sha256-Ut79aLjs3fC5UtVv26l2r+kyv/4DhifGEM6YG3xXOyo='), or a nonce ('nonce-...') is required to enable inline execution. Note that hashes do not apply to event handlers, style attributes and javascript: navigations unless the 'unsafe-hashes' keyword is present. Note also that 'style-src' was not explicitly set, so 'default-src' is used as a fallback.
", source: https://web.whatsapp.com/bootstrap_main.c7fae15c2be134004f59.js (12)
[0701/144548.788823:INFO:CONSOLE(12)] "[Report Only] Refused to apply inline style because it violates the following Content Security Policy directive: "default-src 'self' data: blob:". Either the 'unsafe-inline' keyword, a hash ('sha256-RidhZOAcgsR2QhhQgGzUqFBYwULc4j8DlDB7y61FgmU='), or a nonce ('nonce-...') is required to enable inline execution. Note that hashes do not apply to event handlers, style attributes and javascript: navigations unless the 'unsafe-hashes' keyword is present. Note also that 'style-src' was not explicitly set, so 'default-src' is used as a fallback.
", source: https://web.whatsapp.com/bootstrap_main.c7fae15c2be134004f59.js (12)
[0701/144552.119030:INFO:CONSOLE(32)] "[Report Only] Refused to connect to 'https://dit.whatsapp.net/deidentified_telemetry' because it violates the following Content Security Policy directive: "default-src 'self' data: blob:". Note that 'connect-src' was not explicitly set, so 'default-src' is used as a fallback.
", source: https://web.whatsapp.com/bootstrap_qr.14fc3e5723bd9ebea58c.js (32)
[0701/144552.120540:INFO:CONSOLE(32)] "[Report Only] Refused to connect to 'https://dit.whatsapp.net/deidentified_telemetry' because it violates the following Content Security Policy directive: "default-src 'self' data: blob:". Note that 'connect-src' was not explicitly set, so 'default-src' is used as a fallback.
", source: https://web.whatsapp.com/bootstrap_qr.14fc3e5723bd9ebea58c.js (32)
[0701/144552.139401:INFO:CONSOLE(32)] "[Report Only] Refused to connect to 'https://dit.whatsapp.net/deidentified_telemetry' because it violates the following Content Security Policy directive: "default-src 'self' data: blob:". Note that 'connect-src' was not explicitly set, so 'default-src' is used as a fallback.
", source: https://web.whatsapp.com/bootstrap_qr.14fc3e5723bd9ebea58c.js (32)
[0701/144552.143546:INFO:CONSOLE(32)] "[Report Only] Refused to connect to 'https://dit.whatsapp.net/deidentified_telemetry' because it violates the following Content Security Policy directive: "default-src 'self' data: blob:". Note that 'connect-src' was not explicitly set, so 'default-src' is used as a fallback.
", source: https://web.whatsapp.com/bootstrap_qr.14fc3e5723bd9ebea58c.js (32)
[0701/152547.488197:INFO:CONSOLE(0)] "Uncaught (in promise) NetworkError: Cache.put() encountered a network error", source: https://web.whatsapp.com/serviceworker.js (0)
[0701/152547.563606:INFO:CONSOLE(0)] "Uncaught (in promise) NetworkError: Cache.put() encountered a network error", source: https://web.whatsapp.com/serviceworker.js (0)
[0701/152547.565002:INFO:CONSOLE(0)] "Uncaught (in promise) NetworkError: Cache.put() encountered a network error", source: https://web.whatsapp.com/serviceworker.js (0)
[0701/152547.565276:INFO:CONSOLE(0)] "Uncaught (in promise) NetworkError: Cache.put() encountered a network error", source: https://web.whatsapp.com/serviceworker.js (0)
[0701/152547.565562:INFO:CONSOLE(0)] "Uncaught (in promise) NetworkError: Cache.put() encountered a network error", source: https://web.whatsapp.com/serviceworker.js (0)
[0701/152547.565675:INFO:CONSOLE(0)] "Uncaught (in promise) NetworkError: Cache.put() encountered a network error", source: https://web.whatsapp.com/serviceworker.js (0)
[0701/152547.565754:INFO:CONSOLE(0)] "Uncaught (in promise) NetworkError: Cache.put() encountered a network error", source: https://web.whatsapp.com/serviceworker.js (0)
[0701/152547.565826:INFO:CONSOLE(0)] "Uncaught (in promise) NetworkError: Cache.put() encountered a network error", source: https://web.whatsapp.com/serviceworker.js (0)
[0701/152547.565895:INFO:CONSOLE(0)] "Uncaught (in promise) NetworkError: Cache.put() encountered a network error", source: https://web.whatsapp.com/serviceworker.js (0)
[0701/152547.565991:INFO:CONSOLE(0)] "Uncaught (in promise) NetworkError: Cache.put() encountered a network error", source: https://web.whatsapp.com/serviceworker.js (0)
[0701/152547.566056:INFO:CONSOLE(0)] "Uncaught (in promise) NetworkError: Cache.put() encountered a network error", source: https://web.whatsapp.com/serviceworker.js (0)
[0701/152547.566117:INFO:CONSOLE(0)] "Uncaught (in promise) NetworkError: Cache.put() encountered a network error", source: https://web.whatsapp.com/serviceworker.js (0)
[0701/152547.570398:INFO:CONSOLE(0)] "Uncaught (in promise) NetworkError: Cache.put() encountered a network error", source: https://web.whatsapp.com/serviceworker.js (0)
[0701/152547.570565:INFO:CONSOLE(0)] "Uncaught (in promise) NetworkError: Cache.put() encountered a network error", source: https://web.whatsapp.com/serviceworker.js (0)
[0701/152547.570943:INFO:CONSOLE(0)] "Uncaught (in promise) NetworkError: Cache.put() encountered a network error", source: https://web.whatsapp.com/serviceworker.js (0)
[0701/152547.571003:INFO:CONSOLE(0)] "Uncaught (in promise) NetworkError: Cache.put() encountered a network error", source: https://web.whatsapp.com/serviceworker.js (0)
[0701/152547.571059:INFO:CONSOLE(0)] "Uncaught (in promise) NetworkError: Cache.put() encountered a network error", source: https://web.whatsapp.com/serviceworker.js (0)
[0701/152547.571215:INFO:CONSOLE(0)] "Uncaught (in promise) NetworkError: Cache.put() encountered a network error", source: https://web.whatsapp.com/serviceworker.js (0)
[0701/152547.571286:INFO:CONSOLE(0)] "Uncaught (in promise) NetworkError: Cache.put() encountered a network error", source: https://web.whatsapp.com/serviceworker.js (0)
[0701/152547.571355:INFO:CONSOLE(0)] "Uncaught (in promise) NetworkError: Cache.put() encountered a network error", source: https://web.whatsapp.com/serviceworker.js (0)
[0701/152547.572068:INFO:CONSOLE(0)] "Uncaught (in promise) NetworkError: Cache.put() encountered a network error", source: https://web.whatsapp.com/serviceworker.js (0)
[0701/152547.572158:INFO:CONSOLE(0)] "Uncaught (in promise) NetworkError: Cache.put() encountered a network error", source: https://web.whatsapp.com/serviceworker.js (0)
[0701/152547.572225:INFO:CONSOLE(0)] "Uncaught (in promise) NetworkError: Cache.put() encountered a network error", source: https://web.whatsapp.com/serviceworker.js (0)
[0701/152547.572273:INFO:CONSOLE(0)] "Uncaught (in promise) NetworkError: Cache.put() encountered a network error", source: https://web.whatsapp.com/serviceworker.js (0)
[0701/152547.572319:INFO:CONSOLE(0)] "Uncaught (in promise) NetworkError: Cache.put() encountered a network error", source: https://web.whatsapp.com/serviceworker.js (0)
[0701/152547.572362:INFO:CONSOLE(0)] "Uncaught (in promise) NetworkError: Cache.put() encountered a network error", source: https://web.whatsapp.com/serviceworker.js (0)
[0701/152547.572406:INFO:CONSOLE(0)] "Uncaught (in promise) NetworkError: Cache.put() encountered a network error", source: https://web.whatsapp.com/serviceworker.js (0)
[0701/152547.572453:INFO:CONSOLE(0)] "Uncaught (in promise) NetworkError: Cache.put() encountered a network error", source: https://web.whatsapp.com/serviceworker.js (0)
[0701/152547.572497:INFO:CONSOLE(0)] "Uncaught (in promise) NetworkError: Cache.put() encountered a network error", source: https://web.whatsapp.com/serviceworker.js (0)
[0701/152547.572540:INFO:CONSOLE(0)] "Uncaught (in promise) NetworkError: Cache.put() encountered a network error", source: https://web.whatsapp.com/serviceworker.js (0)
[0701/152547.572584:INFO:CONSOLE(0)] "Uncaught (in promise) NetworkError: Cache.put() encountered a network error", source: https://web.whatsapp.com/serviceworker.js (0)
[0701/152547.572630:INFO:CONSOLE(0)] "Uncaught (in promise) NetworkError: Cache.put() encountered a network error", source: https://web.whatsapp.com/serviceworker.js (0)
[0701/152547.572675:INFO:CONSOLE(0)] "Uncaught (in promise) NetworkError: Cache.put() encountered a network error", source: https://web.whatsapp.com/serviceworker.js (0)
[0701/152547.572740:INFO:CONSOLE(0)] "Uncaught (in promise) NetworkError: Cache.put() encountered a network error", source: https://web.whatsapp.com/serviceworker.js (0)
[0701/152547.572786:INFO:CONSOLE(0)] "Uncaught (in promise) NetworkError: Cache.put() encountered a network error", source: https://web.whatsapp.com/serviceworker.js (0)
[0701/152547.572837:INFO:CONSOLE(0)] "Uncaught (in promise) NetworkError: Cache.put() encountered a network error", source: https://web.whatsapp.com/serviceworker.js (0)
[0701/152547.572880:INFO:CONSOLE(0)] "Uncaught (in promise) NetworkError: Cache.put() encountered a network error", source: https://web.whatsapp.com/serviceworker.js (0)
[0701/152547.572923:INFO:CONSOLE(0)] "Uncaught (in promise) NetworkError: Cache.put() encountered a network error", source: https://web.whatsapp.com/serviceworker.js (0)
[0701/152547.572966:INFO:CONSOLE(0)] "Uncaught (in promise) NetworkError: Cache.put() encountered a network error", source: https://web.whatsapp.com/serviceworker.js (0)
[0701/152547.573009:INFO:CONSOLE(0)] "Uncaught (in promise) NetworkError: Cache.put() encountered a network error", source: https://web.whatsapp.com/serviceworker.js (0)
[0701/152547.573089:INFO:CONSOLE(0)] "Uncaught (in promise) NetworkError: Cache.put() encountered a network error", source: https://web.whatsapp.com/serviceworker.js (0)
[0701/152547.573136:INFO:CONSOLE(0)] "Uncaught (in promise) NetworkError: Cache.put() encountered a network error", source: https://web.whatsapp.com/serviceworker.js (0)
[0701/152547.573179:INFO:CONSOLE(0)] "Uncaught (in promise) NetworkError: Cache.put() encountered a network error", source: https://web.whatsapp.com/serviceworker.js (0)
[0701/152547.573222:INFO:CONSOLE(0)] "Uncaught (in promise) NetworkError: Cache.put() encountered a network error", source: https://web.whatsapp.com/serviceworker.js (0)
[0701/152547.573266:INFO:CONSOLE(0)] "Uncaught (in promise) NetworkError: Cache.put() encountered a network error", source: https://web.whatsapp.com/serviceworker.js (0)
[0701/152547.573308:INFO:CONSOLE(0)] "Uncaught (in promise) NetworkError: Cache.put() encountered a network error", source: https://web.whatsapp.com/serviceworker.js (0)
[0701/152547.573351:INFO:CONSOLE(0)] "Uncaught (in promise) NetworkError: Cache.put() encountered a network error", source: https://web.whatsapp.com/serviceworker.js (0)
[0701/152547.573396:INFO:CONSOLE(0)] "Uncaught (in promise) NetworkError: Cache.put() encountered a network error", source: https://web.whatsapp.com/serviceworker.js (0)
[0701/152547.573440:INFO:CONSOLE(0)] "Uncaught (in promise) NetworkError: Cache.put() encountered a network error", source: https://web.whatsapp.com/serviceworker.js (0)
[0701/152547.573483:INFO:CONSOLE(0)] "Uncaught (in promise) NetworkError: Cache.put() encountered a network error", source: https://web.whatsapp.com/serviceworker.js (0)
[0701/152547.573526:INFO:CONSOLE(0)] "Uncaught (in promise) NetworkError: Cache.put() encountered a network error", source: https://web.whatsapp.com/serviceworker.js (0)
[0701/152547.573570:INFO:CONSOLE(0)] "Uncaught (in promise) NetworkError: Cache.put() encountered a network error", source: https://web.whatsapp.com/serviceworker.js (0)
[0701/152547.573613:INFO:CONSOLE(0)] "Uncaught (in promise) NetworkError: Cache.put() encountered a network error", source: https://web.whatsapp.com/serviceworker.js (0)
[0701/152547.573656:INFO:CONSOLE(0)] "Uncaught (in promise) NetworkError: Cache.put() encountered a network error", source: https://web.whatsapp.com/serviceworker.js (0)
[0701/152547.573698:INFO:CONSOLE(0)] "Uncaught (in promise) NetworkError: Cache.put() encountered a network error", source: https://web.whatsapp.com/serviceworker.js (0)
[0701/152547.573772:INFO:CONSOLE(0)] "Uncaught (in promise) NetworkError: Cache.put() encountered a network error", source: https://web.whatsapp.com/serviceworker.js (0)
[0701/152547.573830:INFO:CONSOLE(0)] "Uncaught (in promise) NetworkError: Cache.put() encountered a network error", source: https://web.whatsapp.com/serviceworker.js (0)
[0701/152547.573889:INFO:CONSOLE(0)] "Uncaught (in promise) NetworkError: Cache.put() encountered a network error", source: https://web.whatsapp.com/serviceworker.js (0)
[0701/152547.573942:INFO:CONSOLE(0)] "Uncaught (in promise) NetworkError: Cache.put() encountered a network error", source: https://web.whatsapp.com/serviceworker.js (0)
[0701/152547.573993:INFO:CONSOLE(0)] "Uncaught (in promise) NetworkError: Cache.put() encountered a network error", source: https://web.whatsapp.com/serviceworker.js (0)
[0701/152547.574039:INFO:CONSOLE(0)] "Uncaught (in promise) NetworkError: Cache.put() encountered a network error", source: https://web.whatsapp.com/serviceworker.js (0)
[0701/152547.574082:INFO:CONSOLE(0)] "Uncaught (in promise) NetworkError: Cache.put() encountered a network error", source: https://web.whatsapp.com/serviceworker.js (0)
[0701/152547.574126:INFO:CONSOLE(0)] "Uncaught (in promise) NetworkError: Cache.put() encountered a network error", source: https://web.whatsapp.com/serviceworker.js (0)
[0701/152547.574169:INFO:CONSOLE(0)] "Uncaught (in promise) NetworkError: Cache.put() encountered a network error", source: https://web.whatsapp.com/serviceworker.js (0)
[0701/152547.574211:INFO:CONSOLE(0)] "Uncaught (in promise) NetworkError: Cache.put() encountered a network error", source: https://web.whatsapp.com/serviceworker.js (0)
[0701/152547.574257:INFO:CONSOLE(0)] "Uncaught (in promise) NetworkError: Cache.put() encountered a network error", source: https://web.whatsapp.com/serviceworker.js (0)
[0701/152547.574302:INFO:CONSOLE(0)] "Uncaught (in promise) NetworkError: Cache.put() encountered a network error", source: https://web.whatsapp.com/serviceworker.js (0)
[0701/152547.574345:INFO:CONSOLE(0)] "Uncaught (in promise) NetworkError: Cache.put() encountered a network error", source: https://web.whatsapp.com/serviceworker.js (0)
[0701/152547.574388:INFO:CONSOLE(0)] "Uncaught (in promise) NetworkError: Cache.put() encountered a network error", source: https://web.whatsapp.com/serviceworker.js (0)
[0701/152547.574435:INFO:CONSOLE(0)] "Uncaught (in promise) NetworkError: Cache.put() encountered a network error", source: https://web.whatsapp.com/serviceworker.js (0)
[0701/152547.574479:INFO:CONSOLE(0)] "Uncaught (in promise) NetworkError: Cache.put() encountered a network error", source: https://web.whatsapp.com/serviceworker.js (0)
[0701/152547.574522:INFO:CONSOLE(0)] "Uncaught (in promise) NetworkError: Cache.put() encountered a network error", source: https://web.whatsapp.com/serviceworker.js (0)
[0701/152547.574566:INFO:CONSOLE(0)] "Uncaught (in promise) NetworkError: Cache.put() encountered a network error", source: https://web.whatsapp.com/serviceworker.js (0)
[0701/152547.574613:INFO:CONSOLE(0)] "Uncaught (in promise) NetworkError: Cache.put() encountered a network error", source: https://web.whatsapp.com/serviceworker.js (0)
[0701/152547.574656:INFO:CONSOLE(0)] "Uncaught (in promise) NetworkError: Cache.put() encountered a network error", source: https://web.whatsapp.com/serviceworker.js (0)
[0701/152547.574699:INFO:CONSOLE(0)] "Uncaught (in promise) NetworkError: Cache.put() encountered a network error", source: https://web.whatsapp.com/serviceworker.js (0)
[0701/152547.574754:INFO:CONSOLE(0)] "Uncaught (in promise) NetworkError: Cache.put() encountered a network error", source: https://web.whatsapp.com/serviceworker.js (0)
[0701/152547.574802:INFO:CONSOLE(0)] "Uncaught (in promise) NetworkError: Cache.put() encountered a network error", source: https://web.whatsapp.com/serviceworker.js (0)
[0701/152547.574846:INFO:CONSOLE(0)] "Uncaught (in promise) NetworkError: Cache.put() encountered a network error", source: https://web.whatsapp.com/serviceworker.js (0)
[0701/152547.574888:INFO:CONSOLE(0)] "Uncaught (in promise) NetworkError: Cache.put() encountered a network error", source: https://web.whatsapp.com/serviceworker.js (0)
[0701/152547.574930:INFO:CONSOLE(0)] "Uncaught (in promise) NetworkError: Cache.put() encountered a network error", source: https://web.whatsapp.com/serviceworker.js (0)
[0701/152547.574995:INFO:CONSOLE(0)] "Uncaught (in promise) NetworkError: Cache.put() encountered a network error", source: https://web.whatsapp.com/serviceworker.js (0)
[0701/152547.575045:INFO:CONSOLE(0)] "Uncaught (in promise) NetworkError: Cache.put() encountered a network error", source: https://web.whatsapp.com/serviceworker.js (0)
[0701/152547.575090:INFO:CONSOLE(0)] "Uncaught (in promise) NetworkError: Cache.put() encountered a network error", source: https://web.whatsapp.com/serviceworker.js (0)
[0701/152547.575136:INFO:CONSOLE(0)] "Uncaught (in promise) NetworkError: Cache.put() encountered a network error", source: https://web.whatsapp.com/serviceworker.js (0)
[0701/152615.395695:WARNING:dns_config_service_posix.cc(195)] Failed to read DnsConfig.
[0701/152616.265094:INFO:CONSOLE(0)] "The FetchEvent for "https://web.whatsapp.com/img/emoji-63-64_5e201b5.webp" resulted in a network error response: the promise was rejected.", source:  (0)
[0701/152616.548690:INFO:CONSOLE(0)] "The FetchEvent for "https://web.whatsapp.com/img/emoji-47-64_fa6d9ad.webp" resulted in a network error response: the promise was rejected.", source:  (0)
[0701/152616.548879:INFO:CONSOLE(0)] "The FetchEvent for "https://web.whatsapp.com/img/emoji-34-64_0011956.webp" resulted in a network error response: the promise was rejected.", source:  (0)
[0701/152616.548942:INFO:CONSOLE(0)] "The FetchEvent for "https://web.whatsapp.com/img/emoji-44-64_7b1f671.webp" resulted in a network error response: the promise was rejected.", source:  (0)
[0701/152616.708036:INFO:CONSOLE(0)] "The FetchEvent for "https://web.whatsapp.com/img/emoji-86-64_21f2274.webp" resulted in a network error response: the promise was rejected.", source:  (0)
[0701/152616.709776:INFO:CONSOLE(0)] "The FetchEvent for "https://web.whatsapp.com/img/emoji-124-64_b9cdb8b.webp" resulted in a network error response: the promise was rejected.", source:  (0)
[0701/152616.927099:INFO:CONSOLE(0)] "The FetchEvent for "https://web.whatsapp.com/img/emoji-73-64_d610162.webp" resulted in a network error response: the promise was rejected.", source:  (0)
[0701/152617.169092:INFO:CONSOLE(0)] "The FetchEvent for "https://web.whatsapp.com/img/emoji-52-64_392bab2.webp" resulted in a network error response: the promise was rejected.", source:  (0)
[0701/152617.169715:INFO:CONSOLE(0)] "The FetchEvent for "https://web.whatsapp.com/img/emoji-35-64_9b91bac.webp" resulted in a network error response: the promise was rejected.", source:  (0)
[0701/152617.170087:INFO:CONSOLE(0)] "The FetchEvent for "https://web.whatsapp.com/img/emoji-2-64_9c4fcf3.webp" resulted in a network error response: the promise was rejected.", source:  (0)
[0701/152617.170470:INFO:CONSOLE(0)] "The FetchEvent for "https://web.whatsapp.com/img/emoji-121-64_f4e0a7c.webp" resulted in a network error response: the promise was rejected.", source:  (0)
[0701/152617.171263:INFO:CONSOLE(0)] "The FetchEvent for "https://web.whatsapp.com/img/emoji-54-64_6be64a8.webp" resulted in a network error response: the promise was rejected.", source:  (0)
[0701/152617.171687:INFO:CONSOLE(0)] "The FetchEvent for "https://web.whatsapp.com/img/emoji-80-64_3faed02.webp" resulted in a network error response: the promise was rejected.", source:  (0)
[0701/152617.172008:INFO:CONSOLE(0)] "The FetchEvent for "https://web.whatsapp.com/img/emoji-132-64_2fafaf0.webp" resulted in a network error response: the promise was rejected.", source:  (0)
[0701/152617.172338:INFO:CONSOLE(0)] "The FetchEvent for "https://web.whatsapp.com/img/emoji-98-64_a7cb14c.webp" resulted in a network error response: the promise was rejected.", source:  (0)
[0701/152617.172927:INFO:CONSOLE(0)] "The FetchEvent for "https://web.whatsapp.com/img/emoji-72-64_5c52f8f.webp" resulted in a network error response: the promise was rejected.", source:  (0)
[0701/152617.173132:INFO:CONSOLE(0)] "The FetchEvent for "https://web.whatsapp.com/img/emoji-101-64_79a8ec8.webp" resulted in a network error response: the promise was rejected.", source:  (0)
[0701/152617.173469:INFO:CONSOLE(0)] "The FetchEvent for "https://web.whatsapp.com/img/emoji-71-64_f01da50.webp" resulted in a network error response: the promise was rejected.", source:  (0)
[0701/152617.174981:INFO:CONSOLE(0)] "The FetchEvent for "https://web.whatsapp.com/img/emoji-77-64_0827b29.webp" resulted in a network error response: the promise was rejected.", source:  (0)
[0701/152617.175650:INFO:CONSOLE(0)] "The FetchEvent for "https://web.whatsapp.com/img/emoji-64-64_8e43dfd.webp" resulted in a network error response: the promise was rejected.", source:  (0)
[0701/152617.176806:INFO:CONSOLE(0)] "The FetchEvent for "https://web.whatsapp.com/img/emoji-81-64_64a2ba9.webp" resulted in a network error response: the promise was rejected.", source:  (0)
[0701/152617.177702:INFO:CONSOLE(0)] "The FetchEvent for "https://web.whatsapp.com/img/emoji-49-64_3fadb9a.webp" resulted in a network error response: the promise was rejected.", source:  (0)
[0701/152617.192222:INFO:CONSOLE(0)] "The FetchEvent for "https://web.whatsapp.com/img/emoji-110-64_8d6dcca.webp" resulted in a network error response: the promise was rejected.", source:  (0)
[0701/152617.198589:INFO:CONSOLE(0)] "The FetchEvent for "https://web.whatsapp.com/img/emoji-79-64_f89284c.webp" resulted in a network error response: the promise was rejected.", source:  (0)
[0701/152617.233214:INFO:CONSOLE(0)] "The FetchEvent for "https://web.whatsapp.com/img/emoji-12-64_9a4489e.webp" resulted in a network error response: the promise was rejected.", source:  (0)
[0701/152617.457804:INFO:CONSOLE(0)] "The FetchEvent for "https://web.whatsapp.com/img/emoji-11-64_b1b31b7.webp" resulted in a network error response: the promise was rejected.", source:  (0)
[0701/152617.483204:INFO:CONSOLE(0)] "The FetchEvent for "https://web.whatsapp.com/img/favicon-error2_7ce1b67dbef23e87862b3c12b9b32676.png" resulted in a network error response: the promise was rejected.", source:  (0)
[0701/152617.769922:INFO:CONSOLE(0)] "The FetchEvent for "https://web.whatsapp.com/img/emoji-125-64_5691bdf.webp" resulted in a network error response: the promise was rejected.", source:  (0)
[0701/152617.770161:INFO:CONSOLE(0)] "The FetchEvent for "https://web.whatsapp.com/img/emoji-87-64_94538d3.webp" resulted in a network error response: the promise was rejected.", source:  (0)
[0701/152617.770345:INFO:CONSOLE(0)] "The FetchEvent for "https://web.whatsapp.com/img/emoji-27-64_c04f1fc.webp" resulted in a network error response: the promise was rejected.", source:  (0)
[0701/152617.770944:INFO:CONSOLE(0)] "The FetchEvent for "https://web.whatsapp.com/img/emoji-23-64_cc30534.webp" resulted in a network error response: the promise was rejected.", source:  (0)
[0701/152617.771329:INFO:CONSOLE(0)] "The FetchEvent for "https://web.whatsapp.com/img/emoji-112-64_e4fa633.webp" resulted in a network error response: the promise was rejected.", source:  (0)
[0701/152617.771709:INFO:CONSOLE(0)] "The FetchEvent for "https://web.whatsapp.com/img/emoji-85-64_d7a87f4.webp" resulted in a network error response: the promise was rejected.", source:  (0)
[0701/152617.772071:INFO:CONSOLE(0)] "The FetchEvent for "https://web.whatsapp.com/img/emoji-62-64_8a7a7ba.webp" resulted in a network error response: the promise was rejected.", source:  (0)
[0701/152617.772640:INFO:CONSOLE(0)] "The FetchEvent for "https://web.whatsapp.com/img/emoji-43-64_aeae604.webp" resulted in a network error response: the promise was rejected.", source:  (0)
[0701/152617.772826:INFO:CONSOLE(0)] "The FetchEvent for "https://web.whatsapp.com/img/emoji-131-64_0b01126.webp" resulted in a network error response: the promise was rejected.", source:  (0)
[0701/152617.773161:INFO:CONSOLE(0)] "The FetchEvent for "https://web.whatsapp.com/img/emoji-48-64_324e065.webp" resulted in a network error response: the promise was rejected.", source:  (0)
[0701/152617.773490:INFO:CONSOLE(0)] "The FetchEvent for "https://web.whatsapp.com/img/emoji-117-64_3ec24a4.webp" resulted in a network error response: the promise was rejected.", source:  (0)
[0701/152617.780521:INFO:CONSOLE(0)] "The FetchEvent for "https://web.whatsapp.com/img/emoji-3-64_5afa39d.webp" resulted in a network error response: the promise was rejected.", source:  (0)
[0701/152617.799828:INFO:CONSOLE(0)] "The FetchEvent for "https://web.whatsapp.com/img/emoji-55-64_ebb5cd7.webp" resulted in a network error response: the promise was rejected.", source:  (0)
[0701/152617.801783:INFO:CONSOLE(0)] "The FetchEvent for "https://web.whatsapp.com/img/emoji-65-64_6460f03.webp" resulted in a network error response: the promise was rejected.", source:  (0)
[0701/152617.803347:INFO:CONSOLE(0)] "The FetchEvent for "https://web.whatsapp.com/img/emoji-31-64_9262634.webp" resulted in a network error response: the promise was rejected.", source:  (0)
[0701/152617.804382:INFO:CONSOLE(1)] "Uncaught (in promise) TypeError: Failed to fetch", source: https://web.whatsapp.com/serviceworker.js (1)
[0701/152617.811881:INFO:CONSOLE(1)] "Uncaught (in promise) TypeError: Failed to fetch", source: https://web.whatsapp.com/serviceworker.js (1)
[0701/152617.812300:INFO:CONSOLE(1)] "Uncaught (in promise) TypeError: Failed to fetch", source: https://web.whatsapp.com/serviceworker.js (1)
[0701/152617.814383:INFO:CONSOLE(1)] "Uncaught (in promise) TypeError: Failed to fetch", source: https://web.whatsapp.com/serviceworker.js (1)
[0701/152617.814876:INFO:CONSOLE(1)] "Uncaught (in promise) TypeError: Failed to fetch", source: https://web.whatsapp.com/serviceworker.js (1)
[0701/152617.816332:INFO:CONSOLE(1)] "Uncaught (in promise) TypeError: Failed to fetch", source: https://web.whatsapp.com/serviceworker.js (1)
[0701/152617.839673:INFO:CONSOLE(0)] "The FetchEvent for "https://web.whatsapp.com/img/emoji-102-64_7618059.webp" resulted in a network error response: the promise was rejected.", source:  (0)
[0701/152617.840268:INFO:CONSOLE(0)] "The FetchEvent for "https://web.whatsapp.com/img/emoji-42-64_4f9f640.webp" resulted in a network error response: the promise was rejected.", source:  (0)
[0701/152617.840681:INFO:CONSOLE(0)] "The FetchEvent for "https://web.whatsapp.com/img/emoji-95-64_0478778.webp" resulted in a network error response: the promise was rejected.", source:  (0)
[0701/152617.841083:INFO:CONSOLE(0)] "The FetchEvent for "https://web.whatsapp.com/img/emoji-33-64_b5e036c.webp" resulted in a network error response: the promise was rejected.", source:  (0)
[0701/152617.841783:INFO:CONSOLE(0)] "The FetchEvent for "https://web.whatsapp.com/img/emoji-53-64_0be0fff.webp" resulted in a network error response: the promise was rejected.", source:  (0)
[0701/152617.842334:INFO:CONSOLE(0)] "The FetchEvent for "https://web.whatsapp.com/img/emoji-70-64_2dbc756.webp" resulted in a network error response: the promise was rejected.", source:  (0)
[0701/152617.842731:INFO:CONSOLE(0)] "The FetchEvent for "https://web.whatsapp.com/img/emoji-126-64_06826ec.webp" resulted in a network error response: the promise was rejected.", source:  (0)
[0701/152617.843047:INFO:CONSOLE(0)] "The FetchEvent for "https://web.whatsapp.com/img/emoji-66-64_bf8d870.webp" resulted in a network error response: the promise was rejected.", source:  (0)
[0701/152617.844203:INFO:CONSOLE(0)] "The FetchEvent for "https://web.whatsapp.com/img/emoji-60-64_1bd0bc6.webp" resulted in a network error response: the promise was rejected.", source:  (0)
[0701/152617.853035:INFO:CONSOLE(0)] "The FetchEvent for "https://web.whatsapp.com/img/emoji-36-64_230fb64.webp" resulted in a network error response: the promise was rejected.", source:  (0)
[0701/152617.853709:INFO:CONSOLE(0)] "The FetchEvent for "https://web.whatsapp.com/img/emoji-57-64_cb5e991.webp" resulted in a network error response: the promise was rejected.", source:  (0)
[0701/152617.854067:INFO:CONSOLE(0)] "The FetchEvent for "https://web.whatsapp.com/img/emoji-84-64_b6b5a12.webp" resulted in a network error response: the promise was rejected.", source:  (0)
[0701/152617.854473:INFO:CONSOLE(0)] "The FetchEvent for "https://web.whatsapp.com/img/emoji-38-64_242edea.webp" resulted in a network error response: the promise was rejected.", source:  (0)
[0701/152617.854845:INFO:CONSOLE(0)] "The FetchEvent for "https://web.whatsapp.com/img/emoji-41-64_e164546.webp" resulted in a network error response: the promise was rejected.", source:  (0)
[0701/152617.855078:INFO:CONSOLE(0)] "The FetchEvent for "https://web.whatsapp.com/img/emoji-9-64_afc0c20.webp" resulted in a network error response: the promise was rejected.", source:  (0)
[0701/152617.855410:INFO:CONSOLE(0)] "The FetchEvent for "https://web.whatsapp.com/img/emoji-37-64_0f2f62d.webp" resulted in a network error response: the promise was rejected.", source:  (0)
[0701/152617.855738:INFO:CONSOLE(0)] "The FetchEvent for "https://web.whatsapp.com/img/emoji-78-64_92ba7c5.webp" resulted in a network error response: the promise was rejected.", source:  (0)
[0701/152617.856077:INFO:CONSOLE(0)] "The FetchEvent for "https://web.whatsapp.com/img/emoji-69-64_73f2893.webp" resulted in a network error response: the promise was rejected.", source:  (0)
[0701/152617.856400:INFO:CONSOLE(0)] "The FetchEvent for "https://web.whatsapp.com/img/emoji-7-64_2d00b65.webp" resulted in a network error response: the promise was rejected.", source:  (0)
[0701/152617.856704:INFO:CONSOLE(0)] "The FetchEvent for "https://web.whatsapp.com/img/emoji-6-64_2658349.webp" resulted in a network error response: the promise was rejected.", source:  (0)
[0701/152617.856943:INFO:CONSOLE(1)] "Uncaught (in promise) TypeError: Failed to fetch", source: https://web.whatsapp.com/serviceworker.js (1)
[0701/152617.857205:INFO:CONSOLE(0)] "The FetchEvent for "https://web.whatsapp.com/img/emoji-122-64_b56014e.webp" resulted in a network error response: the promise was rejected.", source:  (0)
[0701/152617.857634:INFO:CONSOLE(0)] "The FetchEvent for "https://web.whatsapp.com/img/emoji-82-64_de1934c.webp" resulted in a network error response: the promise was rejected.", source:  (0)
[0701/152617.857850:INFO:CONSOLE(0)] "The FetchEvent for "https://web.whatsapp.com/img/emoji-39-64_d37a6b9.webp" resulted in a network error response: the promise was rejected.", source:  (0)
[0701/152617.858002:INFO:CONSOLE(1)] "Uncaught (in promise) TypeError: Failed to fetch", source: https://web.whatsapp.com/serviceworker.js (1)
[0701/152617.858077:INFO:CONSOLE(1)] "Uncaught (in promise) TypeError: Failed to fetch", source: https://web.whatsapp.com/serviceworker.js (1)
[0701/152617.858194:INFO:CONSOLE(1)] "Uncaught (in promise) TypeError: Failed to fetch", source: https://web.whatsapp.com/serviceworker.js (1)
[0701/152617.858268:INFO:CONSOLE(1)] "Uncaught (in promise) TypeError: Failed to fetch", source: https://web.whatsapp.com/serviceworker.js (1)
[0701/152617.858330:INFO:CONSOLE(1)] "Uncaught (in promise) TypeError: Failed to fetch", source: https://web.whatsapp.com/serviceworker.js (1)
[0701/152617.858382:INFO:CONSOLE(1)] "Uncaught (in promise) TypeError: Failed to fetch", source: https://web.whatsapp.com/serviceworker.js (1)
[0701/152617.858442:INFO:CONSOLE(1)] "Uncaught (in promise) TypeError: Failed to fetch", source: https://web.whatsapp.com/serviceworker.js (1)
[0701/152617.858526:INFO:CONSOLE(1)] "Uncaught (in promise) TypeError: Failed to fetch", source: https://web.whatsapp.com/serviceworker.js (1)
[0701/152617.858570:INFO:CONSOLE(1)] "Uncaught (in promise) TypeError: Failed to fetch", source: https://web.whatsapp.com/serviceworker.js (1)
[0701/152617.858619:INFO:CONSOLE(1)] "Uncaught (in promise) TypeError: Failed to fetch", source: https://web.whatsapp.com/serviceworker.js (1)
[0701/152617.858731:INFO:CONSOLE(1)] "Uncaught (in promise) TypeError: Failed to fetch", source: https://web.whatsapp.com/serviceworker.js (1)
[0701/152617.858878:INFO:CONSOLE(1)] "Uncaught (in promise) TypeError: Failed to fetch", source: https://web.whatsapp.com/serviceworker.js (1)
[0701/152617.858952:INFO:CONSOLE(1)] "Uncaught (in promise) TypeError: Failed to fetch", source: https://web.whatsapp.com/serviceworker.js (1)
[0701/152617.859016:INFO:CONSOLE(1)] "Uncaught (in promise) TypeError: Failed to fetch", source: https://web.whatsapp.com/serviceworker.js (1)
[0701/152617.859095:INFO:CONSOLE(1)] "Uncaught (in promise) TypeError: Failed to fetch", source: https://web.whatsapp.com/serviceworker.js (1)
[0701/152617.859234:INFO:CONSOLE(1)] "Uncaught (in promise) TypeError: Failed to fetch", source: https://web.whatsapp.com/serviceworker.js (1)
[0701/152617.859305:INFO:CONSOLE(1)] "Uncaught (in promise) TypeError: Failed to fetch", source: https://web.whatsapp.com/serviceworker.js (1)
[0701/152617.859419:INFO:CONSOLE(1)] "Uncaught (in promise) TypeError: Failed to fetch", source: https://web.whatsapp.com/serviceworker.js (1)
[0701/152617.859553:INFO:CONSOLE(0)] "The FetchEvent for "https://web.whatsapp.com/img/emoji-127-64_0d49b54.webp" resulted in a network error response: the promise was rejected.", source:  (0)
[0701/152617.859699:INFO:CONSOLE(0)] "The FetchEvent for "https://web.whatsapp.com/img/emoji-67-64_bdf5816.webp" resulted in a network error response: the promise was rejected.", source:  (0)
[0701/152617.859935:INFO:CONSOLE(0)] "The FetchEvent for "https://web.whatsapp.com/img/emoji-46-64_c59598f.webp" resulted in a network error response: the promise was rejected.", source:  (0)
[0701/152617.860049:INFO:CONSOLE(0)] "The FetchEvent for "https://web.whatsapp.com/img/emoji-123-64_7c430d4.webp" resulted in a network error response: the promise was rejected.", source:  (0)
[0701/152617.860176:INFO:CONSOLE(0)] "The FetchEvent for "https://web.whatsapp.com/img/emoji-40-64_5611397.webp" resulted in a network error response: the promise was rejected.", source:  (0)
[0701/152617.860253:INFO:CONSOLE(0)] "The FetchEvent for "https://web.whatsapp.com/img/emoji-68-64_561ba2d.webp" resulted in a network error response: the promise was rejected.", source:  (0)
[0701/152617.860305:INFO:CONSOLE(0)] "The FetchEvent for "https://web.whatsapp.com/img/emoji-74-64_7bfcb86.webp" resulted in a network error response: the promise was rejected.", source:  (0)
[0701/152617.860381:INFO:CONSOLE(0)] "The FetchEvent for "https://web.whatsapp.com/img/emoji-45-64_850767a.webp" resulted in a network error response: the promise was rejected.", source:  (0)
[0701/152617.860492:INFO:CONSOLE(0)] "The FetchEvent for "https://web.whatsapp.com/img/emoji-28-64_d22c49d.webp" resulted in a network error response: the promise was rejected.", source:  (0)
[0701/152617.860634:INFO:CONSOLE(0)] "The FetchEvent for "https://web.whatsapp.com/img/emoji-61-64_dcd07ed.webp" resulted in a network error response: the promise was rejected.", source:  (0)
[0701/152617.860941:INFO:CONSOLE(0)] "The FetchEvent for "https://web.whatsapp.com/img/emoji-50-64_4d663fa.webp" resulted in a network error response: the promise was rejected.", source:  (0)
[0701/152617.861042:INFO:CONSOLE(0)] "The FetchEvent for "https://web.whatsapp.com/img/emoji-59-64_936a8cb.webp" resulted in a network error response: the promise was rejected.", source:  (0)
[0701/152617.861184:INFO:CONSOLE(0)] "The FetchEvent for "https://web.whatsapp.com/img/emoji-14-64_8de4a89.webp" resulted in a network error response: the promise was rejected.", source:  (0)
[0701/152617.861600:INFO:CONSOLE(0)] "The FetchEvent for "https://web.whatsapp.com/img/emoji-106-64_987de6f.webp" resulted in a network error response: the promise was rejected.", source:  (0)
[0701/152617.861911:INFO:CONSOLE(0)] "The FetchEvent for "https://web.whatsapp.com/img/emoji-32-64_355feb4.webp" resulted in a network error response: the promise was rejected.", source:  (0)
[0701/152617.862515:INFO:CONSOLE(0)] "The FetchEvent for "https://web.whatsapp.com/img/emoji-75-64_d418503.webp" resulted in a network error response: the promise was rejected.", source:  (0)
[0701/152617.862931:INFO:CONSOLE(0)] "The FetchEvent for "https://web.whatsapp.com/img/emoji-51-64_6a961f4.webp" resulted in a network error response: the promise was rejected.", source:  (0)
[0701/152617.863664:INFO:CONSOLE(0)] "The FetchEvent for "https://web.whatsapp.com/img/emoji-58-64_e98c673.webp" resulted in a network error response: the promise was rejected.", source:  (0)
[0701/152617.863836:INFO:CONSOLE(0)] "The FetchEvent for "https://web.whatsapp.com/img/emoji-105-64_a2eb902.webp" resulted in a network error response: the promise was rejected.", source:  (0)
[0701/152617.864079:INFO:CONSOLE(0)] "The FetchEvent for "https://web.whatsapp.com/img/emoji-76-64_efa4c29.webp" resulted in a network error response: the promise was rejected.", source:  (0)
[0701/152617.864734:INFO:CONSOLE(0)] "The FetchEvent for "https://web.whatsapp.com/img/emoji-56-64_d087f20.webp" resulted in a network error response: the promise was rejected.", source:  (0)
[0701/152617.864989:INFO:CONSOLE(1)] "Uncaught (in promise) TypeError: Failed to fetch", source: https://web.whatsapp.com/serviceworker.js (1)
[0701/152617.865233:INFO:CONSOLE(1)] "Uncaught (in promise) TypeError: Failed to fetch", source: https://web.whatsapp.com/serviceworker.js (1)
[0701/152617.865487:INFO:CONSOLE(1)] "Uncaught (in promise) TypeError: Failed to fetch", source: https://web.whatsapp.com/serviceworker.js (1)
[0701/152617.865670:INFO:CONSOLE(1)] "Uncaught (in promise) TypeError: Failed to fetch", source: https://web.whatsapp.com/serviceworker.js (1)
[0701/152617.865845:INFO:CONSOLE(1)] "Uncaught (in promise) TypeError: Failed to fetch", source: https://web.whatsapp.com/serviceworker.js (1)
[0701/152617.866014:INFO:CONSOLE(1)] "Uncaught (in promise) TypeError: Failed to fetch", source: https://web.whatsapp.com/serviceworker.js (1)
[0701/152617.866197:INFO:CONSOLE(1)] "Uncaught (in promise) TypeError: Failed to fetch", source: https://web.whatsapp.com/serviceworker.js (1)
[0701/152617.866366:INFO:CONSOLE(1)] "Uncaught (in promise) TypeError: Failed to fetch", source: https://web.whatsapp.com/serviceworker.js (1)
[0701/152617.866534:INFO:CONSOLE(1)] "Uncaught (in promise) TypeError: Failed to fetch", source: https://web.whatsapp.com/serviceworker.js (1)
[0701/152617.866706:INFO:CONSOLE(1)] "Uncaught (in promise) TypeError: Failed to fetch", source: https://web.whatsapp.com/serviceworker.js (1)
[0701/152617.867010:INFO:CONSOLE(1)] "Uncaught (in promise) TypeError: Failed to fetch", source: https://web.whatsapp.com/serviceworker.js (1)
[0701/152617.867246:INFO:CONSOLE(1)] "Uncaught (in promise) TypeError: Failed to fetch", source: https://web.whatsapp.com/serviceworker.js (1)
[0701/152617.867409:INFO:CONSOLE(1)] "Uncaught (in promise) TypeError: Failed to fetch", source: https://web.whatsapp.com/serviceworker.js (1)
[0701/152617.867565:INFO:CONSOLE(1)] "Uncaught (in promise) TypeError: Failed to fetch", source: https://web.whatsapp.com/serviceworker.js (1)
[0701/152617.868297:INFO:CONSOLE(1)] "Uncaught (in promise) TypeError: Failed to fetch", source: https://web.whatsapp.com/serviceworker.js (1)
[0701/152617.869652:INFO:CONSOLE(1)] "Uncaught (in promise) TypeError: Failed to fetch", source: https://web.whatsapp.com/serviceworker.js (1)
[0701/152617.870946:INFO:CONSOLE(1)] "Uncaught (in promise) TypeError: Failed to fetch", source: https://web.whatsapp.com/serviceworker.js (1)
[0701/152617.876611:INFO:CONSOLE(1)] "Uncaught (in promise) TypeError: Failed to fetch", source: https://web.whatsapp.com/serviceworker.js (1)
[0701/152617.877657:INFO:CONSOLE(1)] "Uncaught (in promise) TypeError: Failed to fetch", source: https://web.whatsapp.com/serviceworker.js (1)
[0701/152617.886031:INFO:CONSOLE(1)] "Uncaught (in promise) TypeError: Failed to fetch", source: https://web.whatsapp.com/serviceworker.js (1)
[0701/152617.886265:INFO:CONSOLE(1)] "Uncaught (in promise) TypeError: Failed to fetch", source: https://web.whatsapp.com/serviceworker.js (1)
[0701/152617.887584:INFO:CONSOLE(1)] "Uncaught (in promise) TypeError: Failed to fetch", source: https://web.whatsapp.com/serviceworker.js (1)
[0701/152617.888011:INFO:CONSOLE(1)] "Uncaught (in promise) TypeError: Failed to fetch", source: https://web.whatsapp.com/serviceworker.js (1)
[0701/152617.888320:INFO:CONSOLE(1)] "Uncaught (in promise) TypeError: Failed to fetch", source: https://web.whatsapp.com/serviceworker.js (1)
[0701/152617.888486:INFO:CONSOLE(1)] "Uncaught (in promise) TypeError: Failed to fetch", source: https://web.whatsapp.com/serviceworker.js (1)
[0701/152617.888644:INFO:CONSOLE(1)] "Uncaught (in promise) TypeError: Failed to fetch", source: https://web.whatsapp.com/serviceworker.js (1)
[0701/152617.888828:INFO:CONSOLE(1)] "Uncaught (in promise) TypeError: Failed to fetch", source: https://web.whatsapp.com/serviceworker.js (1)
[0701/152617.888980:INFO:CONSOLE(1)] "Uncaught (in promise) TypeError: Failed to fetch", source: https://web.whatsapp.com/serviceworker.js (1)
[0701/152617.889130:INFO:CONSOLE(1)] "Uncaught (in promise) TypeError: Failed to fetch", source: https://web.whatsapp.com/serviceworker.js (1)
[0701/152617.889576:INFO:CONSOLE(1)] "Uncaught (in promise) TypeError: Failed to fetch", source: https://web.whatsapp.com/serviceworker.js (1)
[0701/152617.889840:INFO:CONSOLE(1)] "Uncaught (in promise) TypeError: Failed to fetch", source: https://web.whatsapp.com/serviceworker.js (1)
[0701/152617.890246:INFO:CONSOLE(1)] "Uncaught (in promise) TypeError: Failed to fetch", source: https://web.whatsapp.com/serviceworker.js (1)
[0701/152617.890712:INFO:CONSOLE(1)] "Uncaught (in promise) TypeError: Failed to fetch", source: https://web.whatsapp.com/serviceworker.js (1)
[0701/152618.316528:INFO:CONSOLE(1)] "Uncaught (in promise) TypeError: Failed to fetch", source: https://web.whatsapp.com/serviceworker.js (1)
[0701/152618.340436:INFO:CONSOLE(1)] "Uncaught (in promise) TypeError: Failed to fetch", source: https://web.whatsapp.com/serviceworker.js (1)
[0701/152618.393031:INFO:CONSOLE(1)] "Uncaught (in promise) TypeError: Failed to fetch", source: https://web.whatsapp.com/serviceworker.js (1)
[0701/152618.393319:INFO:CONSOLE(1)] "Uncaught (in promise) TypeError: Failed to fetch", source: https://web.whatsapp.com/serviceworker.js (1)
[0701/152618.393508:INFO:CONSOLE(1)] "Uncaught (in promise) TypeError: Failed to fetch", source: https://web.whatsapp.com/serviceworker.js (1)
[0701/152618.393693:INFO:CONSOLE(1)] "Uncaught (in promise) TypeError: Failed to fetch", source: https://web.whatsapp.com/serviceworker.js (1)
[0701/152618.393870:INFO:CONSOLE(1)] "Uncaught (in promise) TypeError: Failed to fetch", source: https://web.whatsapp.com/serviceworker.js (1)
[0701/152618.394054:INFO:CONSOLE(1)] "Uncaught (in promise) TypeError: Failed to fetch", source: https://web.whatsapp.com/serviceworker.js (1)
[0701/152618.394224:INFO:CONSOLE(1)] "Uncaught (in promise) TypeError: Failed to fetch", source: https://web.whatsapp.com/serviceworker.js (1)
[0701/152618.399402:INFO:CONSOLE(1)] "Uncaught (in promise) TypeError: Failed to fetch", source: https://web.whatsapp.com/serviceworker.js (1)
[0701/152618.399547:INFO:CONSOLE(1)] "Uncaught (in promise) TypeError: Failed to fetch", source: https://web.whatsapp.com/serviceworker.js (1)
[0701/152618.399643:INFO:CONSOLE(1)] "Uncaught (in promise) TypeError: Failed to fetch", source: https://web.whatsapp.com/serviceworker.js (1)
[0701/152618.399729:INFO:CONSOLE(1)] "Uncaught (in promise) TypeError: Failed to fetch", source: https://web.whatsapp.com/serviceworker.js (1)
[0701/152618.399807:INFO:CONSOLE(1)] "Uncaught (in promise) TypeError: Failed to fetch", source: https://web.whatsapp.com/serviceworker.js (1)
[0701/152618.399908:INFO:CONSOLE(1)] "Uncaught (in promise) TypeError: Failed to fetch", source: https://web.whatsapp.com/serviceworker.js (1)
[0701/152618.399988:INFO:CONSOLE(1)] "Uncaught (in promise) TypeError: Failed to fetch", source: https://web.whatsapp.com/serviceworker.js (1)
[0701/152618.400057:INFO:CONSOLE(1)] "Uncaught (in promise) TypeError: Failed to fetch", source: https://web.whatsapp.com/serviceworker.js (1)
[0701/152618.400637:INFO:CONSOLE(1)] "Uncaught (in promise) TypeError: Failed to fetch", source: https://web.whatsapp.com/serviceworker.js (1)
[0701/152618.400785:INFO:CONSOLE(1)] "Uncaught (in promise) TypeError: Failed to fetch", source: https://web.whatsapp.com/serviceworker.js (1)
[0701/152618.400887:INFO:CONSOLE(1)] "Uncaught (in promise) TypeError: Failed to fetch", source: https://web.whatsapp.com/serviceworker.js (1)
[0701/152618.400990:INFO:CONSOLE(1)] "Uncaught (in promise) TypeError: Failed to fetch", source: https://web.whatsapp.com/serviceworker.js (1)
[0701/152618.401095:INFO:CONSOLE(1)] "Uncaught (in promise) TypeError: Failed to fetch", source: https://web.whatsapp.com/serviceworker.js (1)
[0701/152618.401171:INFO:CONSOLE(1)] "Uncaught (in promise) TypeError: Failed to fetch", source: https://web.whatsapp.com/serviceworker.js (1)
[0701/152618.401271:INFO:CONSOLE(1)] "Uncaught (in promise) TypeError: Failed to fetch", source: https://web.whatsapp.com/serviceworker.js (1)
[0701/152618.402795:INFO:CONSOLE(1)] "Uncaught (in promise) TypeError: Failed to fetch", source: https://web.whatsapp.com/serviceworker.js (1)
[0701/152618.403672:INFO:CONSOLE(1)] "Uncaught (in promise) TypeError: Failed to fetch", source: https://web.whatsapp.com/serviceworker.js (1)
[0701/152618.404160:INFO:CONSOLE(1)] "Uncaught (in promise) TypeError: Failed to fetch", source: https://web.whatsapp.com/serviceworker.js (1)
[0701/152618.404607:INFO:CONSOLE(1)] "Uncaught (in promise) TypeError: Failed to fetch", source: https://web.whatsapp.com/serviceworker.js (1)
[0701/152631.198955:WARNING:dns_config_service_posix.cc(195)] Failed to read DnsConfig.
